  Base.cpp
d:\everything\gtavshit\keyboard shortcut project\keyboard shortcut project\base.cpp(62): error C4235: nonstandard extension used: '__asm' keyword not supported on this architecture
d:\everything\gtavshit\keyboard shortcut project\keyboard shortcut project\base.cpp(62): error C2065: 'pushad': undeclared identifier
d:\everything\gtavshit\keyboard shortcut project\keyboard shortcut project\base.cpp(64): error C4235: nonstandard extension used: '__asm' keyword not supported on this architecture
d:\everything\gtavshit\keyboard shortcut project\keyboard shortcut project\base.cpp(66): error C2065: 'MOV': undeclared identifier
d:\everything\gtavshit\keyboard shortcut project\keyboard shortcut project\base.cpp(66): error C2146: syntax error: missing ';' before identifier 'EAX'
d:\everything\gtavshit\keyboard shortcut project\keyboard shortcut project\base.cpp(66): error C2065: 'EAX': undeclared identifier
d:\everything\gtavshit\keyboard shortcut project\keyboard shortcut project\base.cpp(66): error C2143: syntax error: missing ']' before '+'
d:\everything\gtavshit\keyboard shortcut project\keyboard shortcut project\base.cpp(66): error C3481: 'EBP': lambda capture variable not found
d:\everything\gtavshit\keyboard shortcut project\keyboard shortcut project\base.cpp(66): error C3260: '+': skipping unexpected token(s) before lambda body
d:\everything\gtavshit\keyboard shortcut project\keyboard shortcut project\base.cpp(85): error C2065: 'len': undeclared identifier
d:\everything\gtavshit\keyboard shortcut project\keyboard shortcut project\base.cpp(86): error C2065: 'src': undeclared identifier
d:\everything\gtavshit\keyboard shortcut project\keyboard shortcut project\base.cpp(86): error C2065: 'len': undeclared identifier
d:\everything\gtavshit\keyboard shortcut project\keyboard shortcut project\base.cpp(87): error C2065: 'len': undeclared identifier
d:\everything\gtavshit\keyboard shortcut project\keyboard shortcut project\base.cpp(89): error C2065: 'src': undeclared identifier
d:\everything\gtavshit\keyboard shortcut project\keyboard shortcut project\base.cpp(89): error C2065: 'len': undeclared identifier
d:\everything\gtavshit\keyboard shortcut project\keyboard shortcut project\base.cpp(90): error C2065: 'src': undeclared identifier
d:\everything\gtavshit\keyboard shortcut project\keyboard shortcut project\base.cpp(90): error C2065: 'len': undeclared identifier
d:\everything\gtavshit\keyboard shortcut project\keyboard shortcut project\base.cpp(91): error C2065: 'src': undeclared identifier
d:\everything\gtavshit\keyboard shortcut project\keyboard shortcut project\base.cpp(92): error C2065: 'src': undeclared identifier
d:\everything\gtavshit\keyboard shortcut project\keyboard shortcut project\base.cpp(92): error C2065: 'dst': undeclared identifier
d:\everything\gtavshit\keyboard shortcut project\keyboard shortcut project\base.cpp(93): error C2065: 'src': undeclared identifier
d:\everything\gtavshit\keyboard shortcut project\keyboard shortcut project\base.cpp(93): error C2065: 'len': undeclared identifier
d:\everything\gtavshit\keyboard shortcut project\keyboard shortcut project\base.cpp(94): error C2065: 'src': undeclared identifier
d:\everything\gtavshit\keyboard shortcut project\keyboard shortcut project\base.cpp(96): error C2065: 'len': undeclared identifier
d:\everything\gtavshit\keyboard shortcut project\keyboard shortcut project\base.cpp(99): error C2146: syntax error: missing ';' before identifier 'DWORD'
d:\everything\gtavshit\keyboard shortcut project\keyboard shortcut project\base.cpp(100): error C2601: 'dwMain': local function definitions are illegal
d:\everything\gtavshit\keyboard shortcut project\keyboard shortcut project\base.cpp(113): error C2601: 'DllMain': local function definitions are illegal
d:\everything\gtavshit\keyboard shortcut project\keyboard shortcut project\base.cpp(122): fatal error C1004: unexpected end-of-file found
