d:\everything\gtavshit\d3d11 menu\d3d11 menu\fw1\fw1fontwrapper\release\x64\fw1fontwrapper.pch
d:\everything\gtavshit\d3d11 menu\d3d11 menu\fw1\fw1fontwrapper\release\x64\fw1fontwrapper.pdb
d:\everything\gtavshit\d3d11 menu\d3d11 menu\fw1\fw1fontwrapper\release\x64\fw1precompiled.obj
d:\everything\gtavshit\d3d11 menu\d3d11 menu\fw1\fw1fontwrapper\release\x64\cfw1colorrgbainterface.obj
d:\everything\gtavshit\d3d11 menu\d3d11 menu\fw1\fw1fontwrapper\release\x64\cfw1factory.obj
d:\everything\gtavshit\d3d11 menu\d3d11 menu\fw1\fw1fontwrapper\release\x64\cfw1glyphprovider.obj
d:\everything\gtavshit\d3d11 menu\d3d11 menu\fw1\fw1fontwrapper\release\x64\cfw1glyphatlasinterface.obj
d:\everything\gtavshit\d3d11 menu\d3d11 menu\fw1\fw1fontwrapper\release\x64\cfw1glyphsheet.obj
d:\everything\gtavshit\d3d11 menu\d3d11 menu\fw1\fw1fontwrapper\release\x64\cfw1statesaver.obj
d:\everything\gtavshit\d3d11 menu\d3d11 menu\fw1\fw1fontwrapper\release\x64\fw1fontwrapper.obj
d:\everything\gtavshit\d3d11 menu\d3d11 menu\fw1\fw1fontwrapper\release\x64\cfw1dwriterendertargetinterface.obj
d:\everything\gtavshit\d3d11 menu\d3d11 menu\fw1\fw1fontwrapper\release\x64\cfw1glyphproviderinterface.obj
d:\everything\gtavshit\d3d11 menu\d3d11 menu\fw1\fw1fontwrapper\release\x64\cfw1fontwrapper.obj
d:\everything\gtavshit\d3d11 menu\d3d11 menu\fw1\fw1fontwrapper\release\x64\cfw1textgeometry.obj
d:\everything\gtavshit\d3d11 menu\d3d11 menu\fw1\fw1fontwrapper\release\x64\cfw1glyphatlas.obj
d:\everything\gtavshit\d3d11 menu\d3d11 menu\fw1\fw1fontwrapper\release\x64\cfw1glyphrenderstatesinterface.obj
d:\everything\gtavshit\d3d11 menu\d3d11 menu\fw1\fw1fontwrapper\release\x64\cfw1glyphvertexdrawer.obj
d:\everything\gtavshit\d3d11 menu\d3d11 menu\fw1\fw1fontwrapper\release\x64\cfw1textrendererinterface.obj
d:\everything\gtavshit\d3d11 menu\d3d11 menu\fw1\fw1fontwrapper\release\x64\cfw1factoryinterface.obj
d:\everything\gtavshit\d3d11 menu\d3d11 menu\fw1\fw1fontwrapper\release\x64\cfw1colorrgba.obj
d:\everything\gtavshit\d3d11 menu\d3d11 menu\fw1\fw1fontwrapper\release\x64\cfw1fontwrapperinterface.obj
d:\everything\gtavshit\d3d11 menu\d3d11 menu\fw1\fw1fontwrapper\release\x64\cfw1glyphvertexdrawerinterface.obj
d:\everything\gtavshit\d3d11 menu\d3d11 menu\fw1\fw1fontwrapper\release\x64\cfw1textrenderer.obj
d:\everything\gtavshit\d3d11 menu\d3d11 menu\fw1\fw1fontwrapper\release\x64\cfw1dwriterendertarget.obj
d:\everything\gtavshit\d3d11 menu\d3d11 menu\fw1\fw1fontwrapper\release\x64\cfw1glyphrenderstates.obj
d:\everything\gtavshit\d3d11 menu\d3d11 menu\fw1\fw1fontwrapper\release\x64\cfw1glyphsheetinterface.obj
d:\everything\gtavshit\d3d11 menu\d3d11 menu\fw1\fw1fontwrapper\release\x64\cfw1textgeometryinterface.obj
d:\everything\gtavshit\d3d11 menu\d3d11 menu\fw1\release\x64\fw1fontwrapper.lib
d:\everything\gtavshit\d3d11 menu\d3d11 menu\fw1\fw1fontwrapper\release\x64\fw1fontwrapper.tlog\cl.command.1.tlog
d:\everything\gtavshit\d3d11 menu\d3d11 menu\fw1\fw1fontwrapper\release\x64\fw1fontwrapper.tlog\cl.read.1.tlog
d:\everything\gtavshit\d3d11 menu\d3d11 menu\fw1\fw1fontwrapper\release\x64\fw1fontwrapper.tlog\cl.write.1.tlog
d:\everything\gtavshit\d3d11 menu\d3d11 menu\fw1\fw1fontwrapper\release\x64\fw1fontwrapper.tlog\lib-link.read.1.tlog
d:\everything\gtavshit\d3d11 menu\d3d11 menu\fw1\fw1fontwrapper\release\x64\fw1fontwrapper.tlog\lib-link.write.1.tlog
d:\everything\gtavshit\d3d11 menu\d3d11 menu\fw1\fw1fontwrapper\release\x64\fw1fontwrapper.tlog\lib.command.1.tlog
