d:\everything\gtavshit\d3d11 menu\d3d11 menu\x64\release\vc141.pdb
d:\everything\gtavshit\d3d11 menu\d3d11 menu\x64\release\cfw1statesaver.obj
d:\everything\gtavshit\d3d11 menu\d3d11 menu\x64\release\cfw1glyphvertexdrawerinterface.obj
d:\everything\gtavshit\d3d11 menu\d3d11 menu\x64\release\cfw1glyphvertexdrawer.obj
d:\everything\gtavshit\d3d11 menu\d3d11 menu\x64\release\cfw1glyphsheetinterface.obj
d:\everything\gtavshit\d3d11 menu\d3d11 menu\x64\release\cfw1glyphsheet.obj
d:\everything\gtavshit\d3d11 menu\d3d11 menu\x64\release\cfw1glyphrenderstatesinterface.obj
d:\everything\gtavshit\d3d11 menu\d3d11 menu\x64\release\cfw1glyphrenderstates.obj
d:\everything\gtavshit\d3d11 menu\d3d11 menu\x64\release\cfw1glyphproviderinterface.obj
d:\everything\gtavshit\d3d11 menu\d3d11 menu\x64\release\cfw1glyphprovider.obj
d:\everything\gtavshit\d3d11 menu\d3d11 menu\x64\release\cfw1glyphatlasinterface.obj
d:\everything\gtavshit\d3d11 menu\d3d11 menu\x64\release\cfw1glyphatlas.obj
d:\everything\gtavshit\d3d11 menu\d3d11 menu\x64\release\cfw1fontwrapperinterface.obj
d:\everything\gtavshit\d3d11 menu\d3d11 menu\x64\release\cfw1fontwrapper.obj
d:\everything\gtavshit\d3d11 menu\d3d11 menu\x64\release\cfw1factoryinterface.obj
d:\everything\gtavshit\d3d11 menu\d3d11 menu\x64\release\cfw1factory.obj
d:\everything\gtavshit\d3d11 menu\d3d11 menu\x64\release\cfw1dwriterendertargetinterface.obj
d:\everything\gtavshit\d3d11 menu\d3d11 menu\x64\release\cfw1dwriterendertarget.obj
d:\everything\gtavshit\d3d11 menu\d3d11 menu\x64\release\cfw1colorrgbainterface.obj
d:\everything\gtavshit\d3d11 menu\d3d11 menu\x64\release\cfw1colorrgba.obj
d:\everything\gtavshit\d3d11 menu\d3d11 menu\x64\release\crossmapping.obj
d:\everything\gtavshit\d3d11 menu\d3d11 menu\x64\release\nativeinvoker.obj
d:\everything\gtavshit\d3d11 menu\d3d11 menu\x64\release\memory.obj
d:\everything\gtavshit\d3d11 menu\d3d11 menu\x64\release\main.obj
d:\everything\gtavshit\d3d11 menu\d3d11 menu\x64\release\log.obj
d:\everything\gtavshit\d3d11 menu\d3d11 menu\x64\release\jbmenu.obj
d:\everything\gtavshit\d3d11 menu\d3d11 menu\x64\release\hooking.obj
d:\everything\gtavshit\d3d11 menu\d3d11 menu\x64\release\fw1precompiled.obj
d:\everything\gtavshit\d3d11 menu\d3d11 menu\x64\release\fw1fontwrapper.obj
d:\everything\gtavshit\d3d11 menu\d3d11 menu\x64\release\cfw1textrendererinterface.obj
d:\everything\gtavshit\d3d11 menu\d3d11 menu\x64\release\cfw1textrenderer.obj
d:\everything\gtavshit\d3d11 menu\d3d11 menu\x64\release\cfw1textgeometryinterface.obj
d:\everything\gtavshit\d3d11 menu\d3d11 menu\x64\release\cfw1textgeometry.obj
d:\everything\gtavshit\d3d11 menu\x64\release\3.ipdb
d:\everything\gtavshit\d3d11 menu\x64\release\3.iobj
d:\everything\gtavshit\d3d11 menu\x64\release\3.dll
d:\everything\gtavshit\d3d11 menu\x64\release\3.pdb
d:\everything\gtavshit\d3d11 menu\d3d11 menu\x64\release\d3d11 menu.tlog\cl.command.1.tlog
d:\everything\gtavshit\d3d11 menu\d3d11 menu\x64\release\d3d11 menu.tlog\cl.read.1.tlog
d:\everything\gtavshit\d3d11 menu\d3d11 menu\x64\release\d3d11 menu.tlog\cl.write.1.tlog
d:\everything\gtavshit\d3d11 menu\d3d11 menu\x64\release\d3d11 menu.tlog\d3d11 menu.write.1u.tlog
d:\everything\gtavshit\d3d11 menu\d3d11 menu\x64\release\d3d11 menu.tlog\link.command.1.tlog
d:\everything\gtavshit\d3d11 menu\d3d11 menu\x64\release\d3d11 menu.tlog\link.read.1.tlog
d:\everything\gtavshit\d3d11 menu\d3d11 menu\x64\release\d3d11 menu.tlog\link.write.1.tlog
